<?xml version="1.0" encoding="UTF-8"?>
<testsuite name="LibraryTest" tests="1" skipped="0" failures="0" errors="0" timestamp="2017-09-24T14:11:33" hostname="DESKTOP-62HSL6N" time="0.0">
  <properties/>
  <testcase name="testSomeLibraryMethod" classname="LibraryTest" time="0.0"/>
  <system-out><![CDATA[]]></system-out>
  <system-err><![CDATA[]]></system-err>
</testsuite>
