<?xml version="1.0" encoding="UTF-8"?>
<testsuite name="DriverTest" tests="1" skipped="0" failures="0" errors="0" timestamp="2017-09-16T15:32:18" hostname="DESKTOP-62HSL6N" time="42.046">
  <properties/>
  <testcase name="test" classname="DriverTest" time="42.046"/>
  <system-out><![CDATA[]]></system-out>
  <system-err><![CDATA[Starting ChromeDriver 2.32.498550 (9dec58e66c31bcc53a9ce3c7226f0c1c5810906a) on port 36075
Only local connections are allowed.
Sep 16, 2017 10:32:20 PM org.openqa.selenium.remote.ProtocolHandshake createSession
INFO: Detected dialect: OSS
Starting ChromeDriver 2.32.498550 (9dec58e66c31bcc53a9ce3c7226f0c1c5810906a) on port 25378
Only local connections are allowed.
Sep 16, 2017 10:32:27 PM org.openqa.selenium.remote.ProtocolHandshake createSession
INFO: Detected dialect: OSS
Starting ChromeDriver 2.32.498550 (9dec58e66c31bcc53a9ce3c7226f0c1c5810906a) on port 32288
Only local connections are allowed.
Sep 16, 2017 10:32:35 PM org.openqa.selenium.remote.ProtocolHandshake createSession
INFO: Detected dialect: OSS
1505575960248	geckodriver	INFO	geckodriver 0.18.0
1505575960260	geckodriver	INFO	Listening on 127.0.0.1:26072
1505575960851	geckodriver::marionette	INFO	Starting browser C:\Program Files (x86)\Mozilla Firefox\firefox.exe with args ["-marionette"]
1505575961069	addons.xpi	WARN	Error parsing extensions state: [Exception... "Component returned failure code: 0x80520012 (NS_ERROR_FILE_NOT_FOUND) [amIAddonManagerStartup.readStartupData]"  nsresult: "0x80520012 (NS_ERROR_FILE_NOT_FOUND)"  location: "JS frame :: resource://gre/modules/addons/XPIProvider.jsm :: loadExtensionState :: line 1596"  data: no] Stack trace: loadExtensionState()@resource://gre/modules/addons/XPIProvider.jsm:1596 < getInstallState()@resource://gre/modules/addons/XPIProvider.jsm:1631 < checkForChanges()@resource://gre/modules/addons/XPIProvider.jsm:3152 < startup()@resource://gre/modules/addons/XPIProvider.jsm:2246 < callProvider()@resource://gre/modules/AddonManager.jsm:271 < _startProvider()@resource://gre/modules/AddonManager.jsm:741 < startup()@resource://gre/modules/AddonManager.jsm:908 < startup()@resource://gre/modules/AddonManager.jsm:3122 < observe()@jar:file:///C:/Program%20Files%20(x86)/Mozilla%20Firefox/omni.ja!/components/addonManager.js:65
1505575961484	Marionette	INFO	Enabled via --marionette
IPDL protocol error: Handler returned error code!

###!!! [Parent][DispatchAsyncMessage] Error: PLayerTransaction::Msg_ReleaseLayer Processing error: message was deserialized, but the handler returned false (indicating failure)

[GPU 3700] WARNING: pipe error: 109: file c:/builds/moz2_slave/m-rel-w32-00000000000000000000/build/src/ipc/chromium/src/chrome/common/ipc_channel_win.cc, line 346
1505575962933	Marionette	INFO	Listening on port 63604
1505575962938	Marionette	INFO	Listening on port 63604
1505575964015	Marionette	DEBUG	loaded listener.js
Sep 16, 2017 10:32:44 PM org.openqa.selenium.remote.ProtocolHandshake createSession
INFO: Detected dialect: W3C
1505575964041	Marionette	DEBUG	Received DOM event "beforeunload" for "about:blank"
1505575964932	Marionette	DEBUG	Received DOM event "pagehide" for "about:blank"
1505575964932	Marionette	DEBUG	Received DOM event "unload" for "about:blank"
1505575966114	Marionette	DEBUG	Received DOM event "DOMContentLoaded" for "https://www.whatismybrowser.com/"
1505575966138	Marionette	DEBUG	Received DOM event "pageshow" for "https://www.whatismybrowser.com/"
1505575966163	Marionette	DEBUG	Received DOM event "DOMContentLoaded" for "https://www.whatismybrowser.com/"
1505575966166	Marionette	DEBUG	Received DOM event "pageshow" for "https://www.whatismybrowser.com/"
1505575966178	Marionette	DEBUG	Received DOM event "DOMContentLoaded" for "https://www.whatismybrowser.com/"
1505575966179	Marionette	DEBUG	Received DOM event "pageshow" for "https://www.whatismybrowser.com/"
1505575966848	Marionette	DEBUG	Received DOM event "DOMContentLoaded" for "https://www.whatismybrowser.com/"
1505575966852	Marionette	DEBUG	Received DOM event "pageshow" for "https://www.whatismybrowser.com/"
1505575966860	Marionette	DEBUG	Received DOM event "DOMContentLoaded" for "https://www.whatismybrowser.com/"
1505575966930	Marionette	DEBUG	Received DOM event "DOMContentLoaded" for "https://www.whatismybrowser.com/"
1505575966932	Marionette	DEBUG	Received DOM event "pageshow" for "https://www.whatismybrowser.com/"
1505575966939	Marionette	DEBUG	Received DOM event "DOMContentLoaded" for "https://www.whatismybrowser.com/"
1505575967026	Marionette	DEBUG	Received DOM event "DOMContentLoaded" for "https://www.whatismybrowser.com/"
1505575967028	Marionette	DEBUG	Received DOM event "pageshow" for "https://www.whatismybrowser.com/"
1505575967029	Marionette	DEBUG	Received DOM event "DOMContentLoaded" for "https://www.whatismybrowser.com/"
1505575968103	Marionette	DEBUG	Received DOM event "pageshow" for "https://googleads.g.doubleclick.net/pagead/ads?client=ca-pub-8548565564007782&format=336x280&output=html&h=280&slotname=7182564424&adk=2072644264&adf=515683108&w=336&lmt=1505575966&flash=0&url=https%3A%2F%2Fwww.whatismybrowser.com%2F&wgl=1&dt=1505575966120&bpp=7&bdt=1190&fdt=19&idt=673&shv=r20170913&cbv=r20170110&saldr=aa&correlator=349081150193&frm=20&ga_vid=211995994.1505575967&ga_sid=1505575967&ga_hid=1697227552&ga_fc=0&pv=2&icsg=2&nhd=1&dssz=2&mdo=0&mso=0&u_tz=420&u_his=1&u_java=0&u_h=1080&u_w=1920&u_ah=1040&u_aw=1920&u_cd=24&u_nplug=0&u_nmime=0&adx=770&ady=429&biw=1251&bih=845&abxe=1&eid=41242211&oid=3&rx=0&eae=0&fc=528&brdim=%2C%2C4%2C4%2C1920%2C0%2C1280%2C936%2C1268%2C845&vis=1&rsz=%7C%7CeE%7C&abl=CS&ppjl=t&pfx=0&fu=16&bc=1&ifi=1&xpc=UhtQkxa1iE&p=https%3A//www.whatismybrowser.com&dtd=720"
1505575968111	Marionette	DEBUG	Received DOM event "DOMContentLoaded" for "https://googleads.g.doubleclick.net/pagead/html/r20170913/r20170110/zrt_lookup.html#"
1505575968113	Marionette	DEBUG	Received DOM event "pageshow" for "https://googleads.g.doubleclick.net/pagead/html/r20170913/r20170110/zrt_lookup.html#"
1505575968572	Marionette	DEBUG	Received DOM event "DOMContentLoaded" for "https://www.whatismybrowser.com/"
1505575968574	Marionette	DEBUG	Received DOM event "pageshow" for "https://www.whatismybrowser.com/"
1505575968928	Marionette	DEBUG	Received DOM event "DOMContentLoaded" for "https://googleads.g.doubleclick.net/pagead/ads?client=ca-pub-8548565564007782&format=728x90&output=html&h=90&slotname=6712016822&adk=2627440633&adf=2822166624&w=728&lmt=1505575966&flash=0&url=https%3A%2F%2Fwww.whatismybrowser.com%2F&wgl=1&dt=1505575966143&bpp=3&bdt=1213&fdt=793&idt=820&shv=r20170913&cbv=r20170110&saldr=aa&prev_fmts=336x280%2C160x600&correlator=349081150193&frm=20&ga_vid=211995994.1505575967&ga_sid=1505575967&ga_hid=1697227552&ga_fc=0&pv=1&icsg=2&nhd=1&dssz=2&mdo=0&mso=0&u_tz=420&u_his=1&u_java=0&u_h=1080&u_w=1920&u_ah=1040&u_aw=1920&u_cd=24&u_nplug=0&u_nmime=0&adx=262&ady=1632&biw=1251&bih=845&abxe=1&eid=41242211&oid=3&rx=0&eae=0&fc=528&brdim=%2C%2C4%2C4%2C1920%2C0%2C1280%2C936%2C1268%2C845&vis=1&rsz=%7C%7CeEbr%7C&abl=CS&ppjl=t&pfx=0&fu=16&bc=1&ifi=3&xpc=ZtZbk8xsDC&p=https%3A//www.whatismybrowser.com&dtd=874"
1505575968934	Marionette	DEBUG	Received DOM event "pageshow" for "https://googleads.g.doubleclick.net/pagead/ads?client=ca-pub-8548565564007782&format=728x90&output=html&h=90&slotname=6712016822&adk=2627440633&adf=2822166624&w=728&lmt=1505575966&flash=0&url=https%3A%2F%2Fwww.whatismybrowser.com%2F&wgl=1&dt=1505575966143&bpp=3&bdt=1213&fdt=793&idt=820&shv=r20170913&cbv=r20170110&saldr=aa&prev_fmts=336x280%2C160x600&correlator=349081150193&frm=20&ga_vid=211995994.1505575967&ga_sid=1505575967&ga_hid=1697227552&ga_fc=0&pv=1&icsg=2&nhd=1&dssz=2&mdo=0&mso=0&u_tz=420&u_his=1&u_java=0&u_h=1080&u_w=1920&u_ah=1040&u_aw=1920&u_cd=24&u_nplug=0&u_nmime=0&adx=262&ady=1632&biw=1251&bih=845&abxe=1&eid=41242211&oid=3&rx=0&eae=0&fc=528&brdim=%2C%2C4%2C4%2C1920%2C0%2C1280%2C936%2C1268%2C845&vis=1&rsz=%7C%7CeEbr%7C&abl=CS&ppjl=t&pfx=0&fu=16&bc=1&ifi=3&xpc=ZtZbk8xsDC&p=https%3A//www.whatismybrowser.com&dtd=874"
1505575968936	Marionette	DEBUG	Received DOM event "pageshow" for "https://www.whatismybrowser.com/"
1505575969190	Marionette	DEBUG	Received DOM event "DOMContentLoaded" for "https://googleads.g.doubleclick.net/pagead/drt/s?v=r20120211"
1505575969193	Marionette	DEBUG	Received DOM event "pageshow" for "https://googleads.g.doubleclick.net/pagead/drt/s?v=r20120211"
1505575969294	Marionette	DEBUG	Received DOM event "DOMContentLoaded" for "https://googleads.g.doubleclick.net/pagead/ads?client=ca-pub-8548565564007782&format=336x280&output=html&h=280&slotname=7182564424&adk=2072644264&adf=515683108&w=336&lmt=1505575966&flash=0&url=https%3A%2F%2Fwww.whatismybrowser.com%2F&wgl=1&dt=1505575966120&bpp=7&bdt=1190&fdt=19&idt=673&shv=r20170913&cbv=r20170110&saldr=aa&correlator=349081150193&frm=20&ga_vid=211995994.1505575967&ga_sid=1505575967&ga_hid=1697227552&ga_fc=0&pv=2&icsg=2&nhd=1&dssz=2&mdo=0&mso=0&u_tz=420&u_his=1&u_java=0&u_h=1080&u_w=1920&u_ah=1040&u_aw=1920&u_cd=24&u_nplug=0&u_nmime=0&adx=770&ady=429&biw=1251&bih=845&abxe=1&eid=41242211&oid=3&rx=0&eae=0&fc=528&brdim=%2C%2C4%2C4%2C1920%2C0%2C1280%2C936%2C1268%2C845&vis=1&rsz=%7C%7CeE%7C&abl=CS&ppjl=t&pfx=0&fu=16&bc=1&ifi=1&xpc=UhtQkxa1iE&p=https%3A//www.whatismybrowser.com&dtd=720"
1505575969590	Marionette	DEBUG	Received DOM event "DOMContentLoaded" for "https://tpc.googlesyndication.com/sadbundle/$csp%3Der3%26dns%3Doff$/443794055140937285/A98/banner.html#t=11683030513219362929&p=https%3A%2F%2Fgoogleads.g.doubleclick.net"
1505575969597	Marionette	DEBUG	Received DOM event "pageshow" for "https://tpc.googlesyndication.com/sadbundle/$csp%3Der3%26dns%3Doff$/443794055140937285/A98/banner.html#t=11683030513219362929&p=https%3A%2F%2Fgoogleads.g.doubleclick.net"
1505575969825	Marionette	DEBUG	Received DOM event "DOMContentLoaded" for "https://googleads.g.doubleclick.net/pagead/ads?client=ca-pub-8548565564007782&format=160x600&output=html&h=600&slotname=2818370829&adk=1814397365&adf=2335989166&w=160&lmt=1505575966&flash=0&url=https%3A%2F%2Fwww.whatismybrowser.com%2F&wgl=1&dt=1505575966140&bpp=3&bdt=1210&fdt=716&idt=754&shv=r20170913&cbv=r20170110&saldr=aa&prev_fmts=336x280&correlator=349081150193&frm=20&ga_vid=211995994.1505575967&ga_sid=1505575967&ga_hid=1697227552&ga_fc=0&pv=1&icsg=2&nhd=1&dssz=2&mdo=0&mso=0&u_tz=420&u_his=1&u_java=0&u_h=1080&u_w=1920&u_ah=1040&u_aw=1920&u_cd=24&u_nplug=0&u_nmime=0&adx=858&ady=818&biw=1251&bih=845&abxe=1&eid=41242211&oid=3&rx=0&eae=0&fc=528&brdim=%2C%2C4%2C4%2C1920%2C0%2C1280%2C936%2C1268%2C845&vis=1&rsz=%7C%7CeE%7C&abl=CS&ppjl=t&pfx=0&fu=16&bc=1&ifi=2&xpc=oID8p4mL9L&p=https%3A//www.whatismybrowser.com&dtd=781"
1505575970029	Marionette	DEBUG	Received DOM event "DOMContentLoaded" for "https://googleads.g.doubleclick.net/pagead/drt/si"
1505575970031	Marionette	DEBUG	Received DOM event "pageshow" for "https://googleads.g.doubleclick.net/pagead/drt/si"
1505575970037	Marionette	DEBUG	Received DOM event "pageshow" for "https://googleads.g.doubleclick.net/pagead/ads?client=ca-pub-8548565564007782&format=336x280&output=html&h=280&slotname=7182564424&adk=2072644264&adf=515683108&w=336&lmt=1505575966&flash=0&url=https%3A%2F%2Fwww.whatismybrowser.com%2F&wgl=1&dt=1505575966120&bpp=7&bdt=1190&fdt=19&idt=673&shv=r20170913&cbv=r20170110&saldr=aa&correlator=349081150193&frm=20&ga_vid=211995994.1505575967&ga_sid=1505575967&ga_hid=1697227552&ga_fc=0&pv=2&icsg=2&nhd=1&dssz=2&mdo=0&mso=0&u_tz=420&u_his=1&u_java=0&u_h=1080&u_w=1920&u_ah=1040&u_aw=1920&u_cd=24&u_nplug=0&u_nmime=0&adx=770&ady=429&biw=1251&bih=845&abxe=1&eid=41242211&oid=3&rx=0&eae=0&fc=528&brdim=%2C%2C4%2C4%2C1920%2C0%2C1280%2C936%2C1268%2C845&vis=1&rsz=%7C%7CeE%7C&abl=CS&ppjl=t&pfx=0&fu=16&bc=1&ifi=1&xpc=UhtQkxa1iE&p=https%3A//www.whatismybrowser.com&dtd=720"
1505575970038	Marionette	DEBUG	Received DOM event "pageshow" for "https://www.whatismybrowser.com/"
1505575970630	Marionette	DEBUG	Received DOM event "pageshow" for "https://googleads.g.doubleclick.net/pagead/ads?client=ca-pub-8548565564007782&format=160x600&output=html&h=600&slotname=2818370829&adk=1814397365&adf=2335989166&w=160&lmt=1505575966&flash=0&url=https%3A%2F%2Fwww.whatismybrowser.com%2F&wgl=1&dt=1505575966140&bpp=3&bdt=1210&fdt=716&idt=754&shv=r20170913&cbv=r20170110&saldr=aa&prev_fmts=336x280&correlator=349081150193&frm=20&ga_vid=211995994.1505575967&ga_sid=1505575967&ga_hid=1697227552&ga_fc=0&pv=1&icsg=2&nhd=1&dssz=2&mdo=0&mso=0&u_tz=420&u_his=1&u_java=0&u_h=1080&u_w=1920&u_ah=1040&u_aw=1920&u_cd=24&u_nplug=0&u_nmime=0&adx=858&ady=818&biw=1251&bih=845&abxe=1&eid=41242211&oid=3&rx=0&eae=0&fc=528&brdim=%2C%2C4%2C4%2C1920%2C0%2C1280%2C936%2C1268%2C845&vis=1&rsz=%7C%7CeE%7C&abl=CS&ppjl=t&pfx=0&fu=16&bc=1&ifi=2&xpc=oID8p4mL9L&p=https%3A//www.whatismybrowser.com&dtd=781"
1505575970638	Marionette	DEBUG	Received DOM event "pageshow" for "https://googleads.g.doubleclick.net/pagead/ads?client=ca-pub-8548565564007782&format=160x600&output=html&h=600&slotname=2818370829&adk=1814397365&adf=2335989166&w=160&lmt=1505575966&flash=0&url=https%3A%2F%2Fwww.whatismybrowser.com%2F&wgl=1&dt=1505575966140&bpp=3&bdt=1210&fdt=716&idt=754&shv=r20170913&cbv=r20170110&saldr=aa&prev_fmts=336x280&correlator=349081150193&frm=20&ga_vid=211995994.1505575967&ga_sid=1505575967&ga_hid=1697227552&ga_fc=0&pv=1&icsg=2&nhd=1&dssz=2&mdo=0&mso=0&u_tz=420&u_his=1&u_java=0&u_h=1080&u_w=1920&u_ah=1040&u_aw=1920&u_cd=24&u_nplug=0&u_nmime=0&adx=858&ady=818&biw=1251&bih=845&abxe=1&eid=41242211&oid=3&rx=0&eae=0&fc=528&brdim=%2C%2C4%2C4%2C1920%2C0%2C1280%2C936%2C1268%2C845&vis=1&rsz=%7C%7CeE%7C&abl=CS&ppjl=t&pfx=0&fu=16&bc=1&ifi=2&xpc=oID8p4mL9L&p=https%3A//www.whatismybrowser.com&dtd=781"
1505575970639	Marionette	DEBUG	Received DOM event "pageshow" for "https://www.whatismybrowser.com/"
1505575970642	Marionette	DEBUG	Received DOM event "pageshow" for "https://www.whatismybrowser.com/"
1505575970659	Marionette	INFO	New connections will no longer be accepted
Sep 16, 2017 10:33:00 PM org.openqa.selenium.os.UnixProcess destroy
INFO: Unable to drain process streams. Ignoring but the exception being swallowed follows.
org.apache.commons.exec.ExecuteException: The stop timeout of 2000 ms was exceeded (Exit value: -559038737)
	at org.apache.commons.exec.PumpStreamHandler.stopThread(PumpStreamHandler.java:295)
	at org.apache.commons.exec.PumpStreamHandler.stop(PumpStreamHandler.java:181)
	at org.openqa.selenium.os.UnixProcess.destroy(UnixProcess.java:137)
	at org.openqa.selenium.os.CommandLine.destroy(CommandLine.java:153)
	at org.openqa.selenium.remote.service.DriverService.stop(DriverService.java:220)
	at org.openqa.selenium.remote.service.DriverCommandExecutor.execute(DriverCommandExecutor.java:94)
	at org.openqa.selenium.remote.RemoteWebDriver.execute(RemoteWebDriver.java:646)
	at org.openqa.selenium.remote.RemoteWebDriver.execute(RemoteWebDriver.java:703)
	at org.openqa.selenium.remote.RemoteWebDriver.quit(RemoteWebDriver.java:542)
	at com.TAF.mydriver.DriverFactory.disposeDriver(DriverFactory.java:64)
	at DriverTest.test(DriverTest.java:26)
	at sun.reflect.NativeMethodAccessorImpl.invoke0(Native Method)
	at sun.reflect.NativeMethodAccessorImpl.invoke(NativeMethodAccessorImpl.java:62)
	at sun.reflect.DelegatingMethodAccessorImpl.invoke(DelegatingMethodAccessorImpl.java:43)
	at java.lang.reflect.Method.invoke(Method.java:498)
	at org.junit.runners.model.FrameworkMethod$1.runReflectiveCall(FrameworkMethod.java:50)
	at org.junit.internal.runners.model.ReflectiveCallable.run(ReflectiveCallable.java:12)
	at org.junit.runners.model.FrameworkMethod.invokeExplosively(FrameworkMethod.java:47)
	at org.junit.internal.runners.statements.InvokeMethod.evaluate(InvokeMethod.java:17)
	at org.junit.runners.ParentRunner.runLeaf(ParentRunner.java:325)
	at org.junit.runners.BlockJUnit4ClassRunner.runChild(BlockJUnit4ClassRunner.java:78)
	at org.junit.runners.BlockJUnit4ClassRunner.runChild(BlockJUnit4ClassRunner.java:57)
	at org.junit.runners.ParentRunner$3.run(ParentRunner.java:290)
	at org.junit.runners.ParentRunner$1.schedule(ParentRunner.java:71)
	at org.junit.runners.ParentRunner.runChildren(ParentRunner.java:288)
	at org.junit.runners.ParentRunner.access$000(ParentRunner.java:58)
	at org.junit.runners.ParentRunner$2.evaluate(ParentRunner.java:268)
	at org.junit.runners.ParentRunner.run(ParentRunner.java:363)
	at org.gradle.api.internal.tasks.testing.junit.JUnitTestClassExecuter.runTestClass(JUnitTestClassExecuter.java:114)
	at org.gradle.api.internal.tasks.testing.junit.JUnitTestClassExecuter.execute(JUnitTestClassExecuter.java:57)
	at org.gradle.api.internal.tasks.testing.junit.JUnitTestClassProcessor.processTestClass(JUnitTestClassProcessor.java:66)
	at org.gradle.api.internal.tasks.testing.SuiteTestClassProcessor.processTestClass(SuiteTestClassProcessor.java:51)
	at sun.reflect.NativeMethodAccessorImpl.invoke0(Native Method)
	at sun.reflect.NativeMethodAccessorImpl.invoke(NativeMethodAccessorImpl.java:62)
	at sun.reflect.DelegatingMethodAccessorImpl.invoke(DelegatingMethodAccessorImpl.java:43)
	at java.lang.reflect.Method.invoke(Method.java:498)
	at org.gradle.internal.dispatch.ReflectionDispatch.dispatch(ReflectionDispatch.java:35)
	at org.gradle.internal.dispatch.ReflectionDispatch.dispatch(ReflectionDispatch.java:24)
	at org.gradle.internal.dispatch.ContextClassLoaderDispatch.dispatch(ContextClassLoaderDispatch.java:32)
	at org.gradle.internal.dispatch.ProxyDispatchAdapter$DispatchingInvocationHandler.invoke(ProxyDispatchAdapter.java:93)
	at com.sun.proxy.$Proxy2.processTestClass(Unknown Source)
	at org.gradle.api.internal.tasks.testing.worker.TestWorker.processTestClass(TestWorker.java:109)
	at sun.reflect.NativeMethodAccessorImpl.invoke0(Native Method)
	at sun.reflect.NativeMethodAccessorImpl.invoke(NativeMethodAccessorImpl.java:62)
	at sun.reflect.DelegatingMethodAccessorImpl.invoke(DelegatingMethodAccessorImpl.java:43)
	at java.lang.reflect.Method.invoke(Method.java:498)
	at org.gradle.internal.dispatch.ReflectionDispatch.dispatch(ReflectionDispatch.java:35)
	at org.gradle.internal.dispatch.ReflectionDispatch.dispatch(ReflectionDispatch.java:24)
	at org.gradle.internal.remote.internal.hub.MessageHubBackedObjectConnection$DispatchWrapper.dispatch(MessageHubBackedObjectConnection.java:147)
	at org.gradle.internal.remote.internal.hub.MessageHubBackedObjectConnection$DispatchWrapper.dispatch(MessageHubBackedObjectConnection.java:129)
	at org.gradle.internal.remote.internal.hub.MessageHub$Handler.run(MessageHub.java:404)
	at org.gradle.internal.concurrent.ExecutorPolicy$CatchAndRecordFailures.onExecute(ExecutorPolicy.java:63)
	at org.gradle.internal.concurrent.StoppableExecutorImpl$1.run(StoppableExecutorImpl.java:46)
	at java.util.concurrent.ThreadPoolExecutor.runWorker(ThreadPoolExecutor.java:1142)
	at java.util.concurrent.ThreadPoolExecutor$Worker.run(ThreadPoolExecutor.java:617)
	at java.lang.Thread.run(Thread.java:748)

Sep 16, 2017 10:33:00 PM org.openqa.selenium.os.UnixProcess destroy
SEVERE: Unable to kill process with PID 13796
]]></system-err>
</testsuite>
